0 verbose cli C:\Program Files\nodejs\node.exe C:\Program Files\nodejs\node_modules\npm\bin\npm-cli.js
1 info using npm@10.2.4
2 info using node@v21.4.0
3 timing npm:load:whichnode Completed in 5ms
4 timing config:load:defaults Completed in 12ms
5 timing config:load:file:C:\Program Files\nodejs\node_modules\npm\npmrc Completed in 8ms
6 timing config:load:builtin Completed in 10ms
7 timing config:load:cli Completed in 9ms
8 timing config:load:env Completed in 1ms
9 timing config:load:project Completed in 10ms
10 timing config:load:file:C:\Users\lenovo\.npmrc Completed in 2ms
11 timing config:load:user Completed in 2ms
12 timing config:load:file:C:\Users\lenovo\AppData\Roaming\npm\etc\npmrc Completed in 2ms
13 timing config:load:global Completed in 2ms
14 timing config:load:setEnvs Completed in 7ms
15 timing config:load Completed in 56ms
16 timing npm:load:configload Completed in 56ms
17 timing config:load:flatten Completed in 8ms
18 timing npm:load:mkdirpcache Completed in 12ms
19 timing npm:load:mkdirplogs Completed in 1ms
20 verbose title npm prefix
21 verbose argv "prefix" "--global"
22 timing npm:load:setTitle Completed in 2ms
23 timing npm:load:display Completed in 2ms
24 verbose logfile logs-max:10 dir:D:\Full stack development\React All App\REACT-PROJECT\tour\backend\path\to\new\cache\directory\_logs\2024-01-13T19_51_44_814Z-
25 verbose logfile D:\Full stack development\React All App\REACT-PROJECT\tour\backend\path\to\new\cache\directory\_logs\2024-01-13T19_51_44_814Z-debug-0.log
26 timing npm:load:logFile Completed in 87ms
27 timing npm:load:timers Completed in 0ms
28 timing npm:load:configScope Completed in 0ms
29 timing npm:load Completed in 260ms
30 timing command:prefix Completed in 4ms
31 verbose exit 0
32 timing npm Completed in 577ms
33 info ok
